<?xml version="1.0" encoding="UTF-8"?>
<!-- Generated by org.testng.reporters.JUnitReportReporter -->
<testsuite hostname="TRPL-PUN-0115" failures="0" tests="6" name="CriticalTestCases.AddtionalOwner" time="1528.294" errors="0" timestamp="2025-04-26T07:54:42 IST" skipped="0">
  <testcase classname="CriticalTestCases.AddtionalOwner" name="MyReports" time="379.833"/>
  <system-out/>
  <testcase classname="CriticalTestCases.AddtionalOwner" name="MoreReports" time="220.536"/>
  <system-out/>
  <testcase classname="CriticalTestCases.AddtionalOwner" name="MyReminder" time="712.117"/>
  <system-out/>
  <testcase classname="CriticalTestCases.AddtionalOwner" name="ImportUtility" time="149.929"/>
  <system-out/>
  <testcase classname="CriticalTestCases.AddtionalOwner" name="CaseUpdationImportUtility" time="33.436"/>
  <system-out/>
  <testcase classname="CriticalTestCases.AddtionalOwner" name="NoticeUpdation" time="32.443"/>
  <system-out/>
</testsuite> <!-- CriticalTestCases.AddtionalOwner -->
