<?xml version="1.0" encoding="UTF-8"?>
<!-- Generated by org.testng.reporters.JUnitReportReporter -->
<testsuite hostname="TRPL-PUN-0115" failures="0" tests="30" name="CriticalTestCases.AddtionalOwner" time="67.124" errors="2" timestamp="2025-05-30T09:37:13 IST" skipped="28">
  <testcase classname="CriticalTestCases.AddtionalOwner" name="Close" time="31.431">
    <error message="Cannot invoke &quot;org.openqa.selenium.WebDriver.close()&quot; because &quot;CriticalTestCases.AddtionalOwner.driver&quot; is null" type="java.lang.NullPointerException">
      <![CDATA[java.lang.NullPointerException: Cannot invoke "org.openqa.selenium.WebDriver.close()" because "CriticalTestCases.AddtionalOwner.driver" is null
at CriticalTestCases.AddtionalOwner.Close(AddtionalOwner.java:454)
at java.base/jdk.internal.reflect.DirectMethodHandleAccessor.invoke(DirectMethodHandleAccessor.java:103)
at java.base/java.lang.reflect.Method.invoke(Method.java:580)
at org.testng.internal.MethodInvocationHelper.invokeMethod(MethodInvocationHelper.java:133)
at org.testng.internal.MethodInvocationHelper.invokeMethodConsideringTimeout(MethodInvocationHelper.java:62)
at org.testng.internal.ConfigInvoker.invokeConfigurationMethod(ConfigInvoker.java:385)
at org.testng.internal.ConfigInvoker.invokeConfigurations(ConfigInvoker.java:321)
at org.testng.internal.TestInvoker.runConfigMethods(TestInvoker.java:700)
at org.testng.internal.TestInvoker.runAfterGroupsConfigurations(TestInvoker.java:676)
at org.testng.internal.TestInvoker.invokeMethod(TestInvoker.java:660)
at org.testng.internal.TestInvoker.invokeTestMethod(TestInvoker.java:173)
at org.testng.internal.MethodRunner.runInSequence(MethodRunner.java:46)
at org.testng.internal.TestInvoker$MethodInvocationAgent.invoke(TestInvoker.java:824)
at org.testng.internal.TestInvoker.invokeTestMethods(TestInvoker.java:146)
at org.testng.internal.TestMethodWorker.invokeTestMethods(TestMethodWorker.java:146)
at org.testng.internal.TestMethodWorker.run(TestMethodWorker.java:128)
at java.base/java.util.ArrayList.forEach(ArrayList.java:1597)
at org.testng.TestRunner.privateRun(TestRunner.java:794)
at org.testng.TestRunner.run(TestRunner.java:596)
at org.testng.SuiteRunner.runTest(SuiteRunner.java:377)
at org.testng.SuiteRunner.runSequentially(SuiteRunner.java:371)
at org.testng.SuiteRunner.privateRun(SuiteRunner.java:332)
at org.testng.SuiteRunner.run(SuiteRunner.java:276)
at org.testng.SuiteRunnerWorker.runSuite(SuiteRunnerWorker.java:53)
at org.testng.SuiteRunnerWorker.run(SuiteRunnerWorker.java:96)
at org.testng.TestNG.runSuitesSequentially(TestNG.java:1212)
at org.testng.TestNG.runSuitesLocally(TestNG.java:1134)
at org.testng.TestNG.runSuites(TestNG.java:1063)
at org.testng.TestNG.run(TestNG.java:1031)
at org.testng.remote.AbstractRemoteTestNG.run(AbstractRemoteTestNG.java:115)
at org.testng.remote.RemoteTestNG.initAndRun(RemoteTestNG.java:293)
at org.testng.remote.RemoteTestNG.main(RemoteTestNG.java:91)
]]>
    </error>
  </testcase> <!-- Close -->
  <system-out/>
  <testcase classname="CriticalTestCases.AddtionalOwner" name="NoticeOpen" time="35.693">
    <error message="Cannot invoke &quot;org.apache.poi.xssf.usermodel.XSSFWorkbook.getSheetAt(int)&quot; because &quot;workbook&quot; is null" type="java.lang.NullPointerException">
      <![CDATA[java.lang.NullPointerException: Cannot invoke "org.apache.poi.xssf.usermodel.XSSFWorkbook.getSheetAt(int)" because "workbook" is null
at litigationAdditionalOwner.MethodsPOM.NoticeOpen(MethodsPOM.java:3583)
at CriticalTestCases.AddtionalOwner.NoticeOpen(AddtionalOwner.java:99)
at java.base/jdk.internal.reflect.DirectMethodHandleAccessor.invoke(DirectMethodHandleAccessor.java:103)
at java.base/java.lang.reflect.Method.invoke(Method.java:580)
at org.testng.internal.MethodInvocationHelper.invokeMethod(MethodInvocationHelper.java:133)
at org.testng.internal.TestInvoker.invokeMethod(TestInvoker.java:598)
at org.testng.internal.TestInvoker.invokeTestMethod(TestInvoker.java:173)
at org.testng.internal.MethodRunner.runInSequence(MethodRunner.java:46)
at org.testng.internal.TestInvoker$MethodInvocationAgent.invoke(TestInvoker.java:824)
at org.testng.internal.TestInvoker.invokeTestMethods(TestInvoker.java:146)
at org.testng.internal.TestMethodWorker.invokeTestMethods(TestMethodWorker.java:146)
at org.testng.internal.TestMethodWorker.run(TestMethodWorker.java:128)
at java.base/java.util.ArrayList.forEach(ArrayList.java:1597)
at org.testng.TestRunner.privateRun(TestRunner.java:794)
at org.testng.TestRunner.run(TestRunner.java:596)
at org.testng.SuiteRunner.runTest(SuiteRunner.java:377)
at org.testng.SuiteRunner.runSequentially(SuiteRunner.java:371)
at org.testng.SuiteRunner.privateRun(SuiteRunner.java:332)
at org.testng.SuiteRunner.run(SuiteRunner.java:276)
at org.testng.SuiteRunnerWorker.runSuite(SuiteRunnerWorker.java:53)
at org.testng.SuiteRunnerWorker.run(SuiteRunnerWorker.java:96)
at org.testng.TestNG.runSuitesSequentially(TestNG.java:1212)
at org.testng.TestNG.runSuitesLocally(TestNG.java:1134)
at org.testng.TestNG.runSuites(TestNG.java:1063)
at org.testng.TestNG.run(TestNG.java:1031)
at org.testng.remote.AbstractRemoteTestNG.run(AbstractRemoteTestNG.java:115)
at org.testng.remote.RemoteTestNG.initAndRun(RemoteTestNG.java:293)
at org.testng.remote.RemoteTestNG.main(RemoteTestNG.java:91)
]]>
    </error>
  </testcase> <!-- NoticeOpen -->
  <system-out/>
  <testcase classname="CriticalTestCases.AddtionalOwner" name="CaseOpen" time="0.000">
    <skipped/>
  </testcase> <!-- CaseOpen -->
  <system-out/>
  <testcase classname="CriticalTestCases.AddtionalOwner" name="TaskOpen" time="0.000">
    <skipped/>
  </testcase> <!-- TaskOpen -->
  <system-out/>
  <testcase classname="CriticalTestCases.AddtionalOwner" name="NoticeClosed" time="0.000">
    <skipped/>
  </testcase> <!-- NoticeClosed -->
  <system-out/>
  <testcase classname="CriticalTestCases.AddtionalOwner" name="CaseClose" time="0.000">
    <skipped/>
  </testcase> <!-- CaseClose -->
  <system-out/>
  <testcase classname="CriticalTestCases.AddtionalOwner" name="CloseNotice" time="0.000">
    <skipped/>
  </testcase> <!-- CloseNotice -->
  <system-out/>
  <testcase classname="CriticalTestCases.AddtionalOwner" name="CloseCase" time="0.000">
    <skipped/>
  </testcase> <!-- CloseCase -->
  <system-out/>
  <testcase classname="CriticalTestCases.AddtionalOwner" name="TaskClosed" time="0.000">
    <skipped/>
  </testcase> <!-- TaskClosed -->
  <system-out/>
  <testcase classname="CriticalTestCases.AddtionalOwner" name="ClosedTask" time="0.000">
    <skipped/>
  </testcase> <!-- ClosedTask -->
  <system-out/>
  <testcase classname="CriticalTestCases.AddtionalOwner" name="NoticeDocument" time="0.000">
    <skipped/>
  </testcase> <!-- NoticeDocument -->
  <system-out/>
  <testcase classname="CriticalTestCases.AddtionalOwner" name="NoticeTaskActivity" time="0.000">
    <skipped/>
  </testcase> <!-- NoticeTaskActivity -->
  <system-out/>
  <testcase classname="CriticalTestCases.AddtionalOwner" name="NoticeResponse" time="0.000">
    <skipped/>
  </testcase> <!-- NoticeResponse -->
  <system-out/>
  <testcase classname="CriticalTestCases.AddtionalOwner" name="NoticePayment" time="0.000">
    <skipped/>
  </testcase> <!-- NoticePayment -->
  <system-out/>
  <testcase classname="CriticalTestCases.AddtionalOwner" name="NoticeExternalLawyer" time="0.000">
    <skipped/>
  </testcase> <!-- NoticeExternalLawyer -->
  <system-out/>
  <testcase classname="CriticalTestCases.AddtionalOwner" name="NoticeAuditLog" time="0.000">
    <skipped/>
  </testcase> <!-- NoticeAuditLog -->
  <system-out/>
  <testcase classname="CriticalTestCases.AddtionalOwner" name="CaseDocument" time="0.000">
    <skipped/>
  </testcase> <!-- CaseDocument -->
  <system-out/>
  <testcase classname="CriticalTestCases.AddtionalOwner" name="CaseTaskActivityTab" time="0.000">
    <skipped/>
  </testcase> <!-- CaseTaskActivityTab -->
  <system-out/>
  <testcase classname="CriticalTestCases.AddtionalOwner" name="CaseHearingcfo" time="0.000">
    <skipped/>
  </testcase> <!-- CaseHearingcfo -->
  <system-out/>
  <testcase classname="CriticalTestCases.AddtionalOwner" name="CaseOrderTab" time="0.000">
    <skipped/>
  </testcase> <!-- CaseOrderTab -->
  <system-out/>
  <testcase classname="CriticalTestCases.AddtionalOwner" name="ExternalLawyer" time="0.000">
    <skipped/>
  </testcase> <!-- ExternalLawyer -->
  <system-out/>
  <testcase classname="CriticalTestCases.AddtionalOwner" name="CaseStatusPayment" time="0.000">
    <skipped/>
  </testcase> <!-- CaseStatusPayment -->
  <system-out/>
  <testcase classname="CriticalTestCases.AddtionalOwner" name="CaseAuditLog" time="0.000">
    <skipped/>
  </testcase> <!-- CaseAuditLog -->
  <system-out/>
  <testcase classname="CriticalTestCases.AddtionalOwner" name="MyDocument" time="0.000">
    <skipped/>
  </testcase> <!-- MyDocument -->
  <system-out/>
  <testcase classname="CriticalTestCases.AddtionalOwner" name="MyReports" time="0.000">
    <skipped/>
  </testcase> <!-- MyReports -->
  <system-out/>
  <testcase classname="CriticalTestCases.AddtionalOwner" name="MoreReports" time="0.000">
    <skipped/>
  </testcase> <!-- MoreReports -->
  <system-out/>
  <testcase classname="CriticalTestCases.AddtionalOwner" name="MyReminder" time="0.000">
    <skipped/>
  </testcase> <!-- MyReminder -->
  <system-out/>
  <testcase classname="CriticalTestCases.AddtionalOwner" name="ImportUtility" time="0.000">
    <skipped/>
  </testcase> <!-- ImportUtility -->
  <system-out/>
  <testcase classname="CriticalTestCases.AddtionalOwner" name="CaseUpdationImportUtility" time="0.000">
    <skipped/>
  </testcase> <!-- CaseUpdationImportUtility -->
  <system-out/>
  <testcase classname="CriticalTestCases.AddtionalOwner" name="NoticeUpdation" time="0.000">
    <skipped/>
  </testcase> <!-- NoticeUpdation -->
  <system-out/>
</testsuite> <!-- CriticalTestCases.AddtionalOwner -->
